{"uuid":"213dd34a-f054-473c-919f-1b2785f5b7ab","historyId":"64c054f380eb92287482f09a9f409d5d","fullName":"Test Calender functionality for MBRD: TESTID_001_FirstTest","labels":[{"name":"host","value":"LIN25009339"},{"name":"thread","value":"21260@LIN25009339.main(1)"},{"name":"feature","value":"Test Calender functionality for MBRD"},{"name":"story","value":"TESTID_001_FirstTest"},{"name":"suite","value":"Test Calender functionality for MBRD"},{"name":"testClass","value":"TESTID_001_FirstTest"},{"name":"framework","value":"cucumber4jvm"},{"name":"language","value":"java"},{"name":"gherkin_uri","value":"file:///C:/Kuldeep/Framework/src/test/resources/features/calender/calender.feature"},{"name":"package","value":"src.test.resources.features.calender.calender_feature.Test Calender functionality for MBRD"}],"links":[],"name":"TESTID_001_FirstTest","status":"failed","statusDetails":{"known":false,"muted":false,"flaky":false,"message":"expected:<1> but was:<0>","trace":"java.lang.AssertionError: expected:<1> but was:<0>\r\n\tat org.junit.Assert.fail(Assert.java:89)\r\n\tat org.junit.Assert.failNotEquals(Assert.java:835)\r\n\tat org.junit.Assert.assertEquals(Assert.java:647)\r\n\tat org.junit.Assert.assertEquals(Assert.java:633)\r\n\tat com.mbr.qa.steps.MyStepdefs.iGetResponce(MyStepdefs.java:56)\r\n\tat ✽.I get responce(file:///C:/Kuldeep/Framework/src/test/resources/features/calender/calender.feature:7)\r\n"},"stage":"finished","description":"This is my desc","steps":[{"name":"Given  I launch the Calender","status":"passed","statusDetails":{"known":false,"muted":false,"flaky":false},"stage":"finished","steps":[],"attachments":[],"parameters":[],"start":1642512923074,"stop":1642512923436},{"name":"When  I perform GET call with given endpoint","status":"passed","statusDetails":{"known":false,"muted":false,"flaky":false},"stage":"finished","steps":[{"name":"func1:user login with name kuldeep and pwd is asasd","status":"passed","stage":"finished","steps":[],"attachments":[],"parameters":[],"start":1642512923438,"stop":1642512923438},{"name":"func1:user login with name kuldeep and pwd is asasd","status":"passed","stage":"finished","steps":[],"attachments":[],"parameters":[],"start":1642512923438,"stop":1642512923438},{"name":"func1:user login with name kuldeep and pwd is asasd","status":"passed","stage":"finished","steps":[],"attachments":[],"parameters":[],"start":1642512923438,"stop":1642512923438}],"attachments":[],"parameters":[],"start":1642512923438,"stop":1642512923438},{"name":"Then  I get responce","status":"failed","statusDetails":{"known":false,"muted":false,"flaky":false,"message":"expected:<1> but was:<0>","trace":"java.lang.AssertionError: expected:<1> but was:<0>\r\n\tat org.junit.Assert.fail(Assert.java:89)\r\n\tat org.junit.Assert.failNotEquals(Assert.java:835)\r\n\tat org.junit.Assert.assertEquals(Assert.java:647)\r\n\tat org.junit.Assert.assertEquals(Assert.java:633)\r\n\tat com.mbr.qa.steps.MyStepdefs.iGetResponce(MyStepdefs.java:56)\r\n\tat ✽.I get responce(file:///C:/Kuldeep/Framework/src/test/resources/features/calender/calender.feature:7)\r\n"},"stage":"finished","steps":[],"attachments":[],"parameters":[],"start":1642512923439,"stop":1642512923441}],"attachments":[],"parameters":[],"start":1642512923072,"stop":1642512923444}