{"uuid":"5fb32e15-f078-4d4a-88a8-96be5f504b63","historyId":"99adf55983cef7bdff0f5b668334fe56","fullName":"Test Calender functionality for MBRD: TESTID_001_FirstTest","labels":[{"name":"tag","value":"Calender"},{"name":"tag","value":"API"},{"name":"tag","value":"Regression"},{"name":"host","value":"LIN25009339"},{"name":"thread","value":"31728@LIN25009339.main(1)"},{"name":"feature","value":"Test Calender functionality for MBRD"},{"name":"story","value":"TESTID_001_FirstTest"},{"name":"suite","value":"Test Calender functionality for MBRD"},{"name":"testClass","value":"TESTID_001_FirstTest"},{"name":"framework","value":"cucumber4jvm"},{"name":"language","value":"java"},{"name":"gherkin_uri","value":"file:///C:/Kuldeep/Framework/src/test/resources/features/calender/calender.feature"},{"name":"package","value":"src.test.resources.features.calender.calender_feature.Test Calender functionality for MBRD"}],"links":[],"name":"TESTID_001_FirstTest","status":"failed","statusDetails":{"known":false,"muted":false,"flaky":false,"message":"expected:<1> but was:<0>","trace":"java.lang.AssertionError: expected:<1> but was:<0>\r\n\tat org.junit.Assert.fail(Assert.java:89)\r\n\tat org.junit.Assert.failNotEquals(Assert.java:835)\r\n\tat org.junit.Assert.assertEquals(Assert.java:647)\r\n\tat org.junit.Assert.assertEquals(Assert.java:633)\r\n\tat com.mbr.qa.steps.MyStepdefs.iGetResponce(MyStepdefs.java:56)\r\n\tat ✽.I get responce(file:///C:/Kuldeep/Framework/src/test/resources/features/calender/calender.feature:8)\r\n"},"stage":"finished","description":"This is my desc","steps":[{"name":"Given  I launch the Calender","status":"passed","statusDetails":{"known":false,"muted":false,"flaky":false},"stage":"finished","steps":[],"attachments":[],"parameters":[],"start":1642508158428,"stop":1642508158781},{"name":"When  I perform GET call with given endpoint","status":"passed","statusDetails":{"known":false,"muted":false,"flaky":false},"stage":"finished","steps":[{"name":"func1:user login with name kuldeep and pwd is asasd","status":"passed","stage":"finished","steps":[],"attachments":[],"parameters":[],"start":1642508158783,"stop":1642508158783},{"name":"func1:user login with name kuldeep and pwd is asasd","status":"passed","stage":"finished","steps":[],"attachments":[],"parameters":[],"start":1642508158783,"stop":1642508158783},{"name":"func1:user login with name kuldeep and pwd is asasd","status":"passed","stage":"finished","steps":[],"attachments":[],"parameters":[],"start":1642508158784,"stop":1642508158784}],"attachments":[],"parameters":[],"start":1642508158783,"stop":1642508158785},{"name":"Then  I get responce","status":"failed","statusDetails":{"known":false,"muted":false,"flaky":false,"message":"expected:<1> but was:<0>","trace":"java.lang.AssertionError: expected:<1> but was:<0>\r\n\tat org.junit.Assert.fail(Assert.java:89)\r\n\tat org.junit.Assert.failNotEquals(Assert.java:835)\r\n\tat org.junit.Assert.assertEquals(Assert.java:647)\r\n\tat org.junit.Assert.assertEquals(Assert.java:633)\r\n\tat com.mbr.qa.steps.MyStepdefs.iGetResponce(MyStepdefs.java:56)\r\n\tat ✽.I get responce(file:///C:/Kuldeep/Framework/src/test/resources/features/calender/calender.feature:8)\r\n"},"stage":"finished","steps":[],"attachments":[],"parameters":[],"start":1642508158785,"stop":1642508158788}],"attachments":[],"parameters":[],"start":1642508158426,"stop":1642508158790}