{"uuid":"aa7e4b12-4a24-49aa-bd31-696654b2c292","historyId":"d801ebdc054e66862b0bf584e4d4e3fe","fullName":"Test Calender functionality for MBRD: SRA131_Calender_Check_Calender meeting is added","labels":[{"name":"tag","value":"Smoke"},{"name":"host","value":"LIN25009339"},{"name":"thread","value":"21260@LIN25009339.main(1)"},{"name":"feature","value":"Test Calender functionality for MBRD"},{"name":"story","value":"SRA131_Calender_Check_Calender meeting is added"},{"name":"suite","value":"Test Calender functionality for MBRD"},{"name":"testClass","value":"SRA131_Calender_Check_Calender meeting is added"},{"name":"framework","value":"cucumber4jvm"},{"name":"language","value":"java"},{"name":"gherkin_uri","value":"file:///C:/Kuldeep/Framework/src/test/resources/features/calender/calender.feature"},{"name":"package","value":"src.test.resources.features.calender.calender_feature.Test Calender functionality for MBRD"}],"links":[],"name":"SRA131_Calender_Check_Calender meeting is added","status":"failed","statusDetails":{"known":false,"muted":false,"flaky":false,"message":"expected:<1> but was:<0>","trace":"java.lang.AssertionError: expected:<1> but was:<0>\r\n\tat org.junit.Assert.fail(Assert.java:89)\r\n\tat org.junit.Assert.failNotEquals(Assert.java:835)\r\n\tat org.junit.Assert.assertEquals(Assert.java:647)\r\n\tat org.junit.Assert.assertEquals(Assert.java:633)\r\n\tat com.mbr.qa.steps.MyStepdefs.iGetResponce(MyStepdefs.java:56)\r\n\tat ✽.I get responce(file:///C:/Kuldeep/Framework/src/test/resources/features/calender/calender.feature:23)\r\n"},"stage":"finished","description":"This is my desc","steps":[{"name":"Given  I launch the Calender","status":"passed","statusDetails":{"known":false,"muted":false,"flaky":false},"stage":"finished","steps":[],"attachments":[],"parameters":[],"start":1642512923539,"stop":1642512923540},{"name":"When  I perform GET call with given endpoint","status":"passed","statusDetails":{"known":false,"muted":false,"flaky":false},"stage":"finished","steps":[{"name":"func1:user login with name kuldeep and pwd is asasd","status":"passed","stage":"finished","steps":[],"attachments":[],"parameters":[],"start":1642512923540,"stop":1642512923540},{"name":"func1:user login with name kuldeep and pwd is asasd","status":"passed","stage":"finished","steps":[],"attachments":[],"parameters":[],"start":1642512923540,"stop":1642512923540},{"name":"func1:user login with name kuldeep and pwd is asasd","status":"passed","stage":"finished","steps":[],"attachments":[],"parameters":[],"start":1642512923540,"stop":1642512923540}],"attachments":[],"parameters":[],"start":1642512923540,"stop":1642512923540},{"name":"Then  I get responce","status":"failed","statusDetails":{"known":false,"muted":false,"flaky":false,"message":"expected:<1> but was:<0>","trace":"java.lang.AssertionError: expected:<1> but was:<0>\r\n\tat org.junit.Assert.fail(Assert.java:89)\r\n\tat org.junit.Assert.failNotEquals(Assert.java:835)\r\n\tat org.junit.Assert.assertEquals(Assert.java:647)\r\n\tat org.junit.Assert.assertEquals(Assert.java:633)\r\n\tat com.mbr.qa.steps.MyStepdefs.iGetResponce(MyStepdefs.java:56)\r\n\tat ✽.I get responce(file:///C:/Kuldeep/Framework/src/test/resources/features/calender/calender.feature:23)\r\n"},"stage":"finished","steps":[],"attachments":[],"parameters":[],"start":1642512923540,"stop":1642512923541}],"attachments":[],"parameters":[],"start":1642512923539,"stop":1642512923541}