<?xml version="1.0" encoding="UTF-8"?>
<testsuite xmlns:xsi="http://www.w3.org/2001/XMLSchema-instance" xsi:noNamespaceSchemaLocation="https://maven.apache.org/surefire/maven-surefire-plugin/xsd/surefire-test-report-3.0.xsd" version="3.0" name="com.mbr.qa.testRunner.TestRunner" time="0.636" tests="4" errors="0" skipped="0" failures="2">
  <properties>
[...]
</properties>
  <testcase name="TESTID_001_FirstTest" classname="Test Calender functionality for MBRD" time="0.498">
    <failure type="java.lang.AssertionError"><![CDATA[java.lang.AssertionError: expected:<1> but was:<0>
]]></failure>
    <system-out><![CDATA[
Scenario: TESTID_001_FirstTest                # src/test/resources/features/calender/calender.feature:4
step 1
url
{implicitWait=60, path=C:UsersISMAHENDDownloadschromedriver_win32chromedriver.exe, pageLoadWait=120, url=https://reqres.inbrowser:chrome}
  Given I launch the Calender                 # com.mbr.qa.steps.MyStepdefs.iLaunchTheCalender()
step 2
  When I perform GET call with given endpoint # com.mbr.qa.steps.MyStepdefs.iPerformGETCallWithGivenEndpoint()
step 3
Debugging Message111
  Then I get responce                         # com.mbr.qa.steps.MyStepdefs.iGetResponce()
      java.lang.AssertionError: expected:<1> but was:<0>
	at org.junit.Assert.fail(Assert.java:89)
	at org.junit.Assert.failNotEquals(Assert.java:835)
	at org.junit.Assert.assertEquals(Assert.java:647)
	at org.junit.Assert.assertEquals(Assert.java:633)
	at com.mbr.qa.steps.MyStepdefs.iGetResponce(MyStepdefs.java:56)
	at âœ½.I get responce(file:///C:/Kuldeep/Framework/src/test/resources/features/calender/calender.feature:7)

]]></system-out>
  </testcase>
  <testcase name="SRA131_Calender_Check_Calender meeting is added #1" classname="Test Calender functionality for MBRD" time="0.012">
    <system-out><![CDATA[
Scenario: SRA131_Calender_Check_Calender meeting is added # src/test/resources/features/calender/calender.feature:10
step 1
url
{implicitWait=60, path=C:UsersISMAHENDDownloadschromedriver_win32chromedriver.exe, pageLoadWait=120, url=https://reqres.inbrowser:chrome}
  Given I launch the Calender                             # com.mbr.qa.steps.MyStepdefs.iLaunchTheCalender()
step 2
  When I perform GET call with given endpoint             # com.mbr.qa.steps.MyStepdefs.iPerformGETCallWithGivenEndpoint()
]]></system-out>
  </testcase>
  <testcase name="SRA131_Calender_Check_Calender meeting is added #2" classname="Test Calender functionality for MBRD" time="0.023">
    <system-out><![CDATA[
Scenario: SRA131_Calender_Check_Calender meeting is added # src/test/resources/features/calender/calender.feature:15
step 1
url
{implicitWait=60, path=C:UsersISMAHENDDownloadschromedriver_win32chromedriver.exe, pageLoadWait=120, url=https://reqres.inbrowser:chrome}
  Given I launch the Calender                             # com.mbr.qa.steps.MyStepdefs.iLaunchTheCalender()
step 2
  When I perform GET call with given endpoint             # com.mbr.qa.steps.MyStepdefs.iPerformGETCallWithGivenEndpoint()
]]></system-out>
  </testcase>
  <testcase name="SRA131_Calender_Check_Calender meeting is added #3" classname="Test Calender functionality for MBRD" time="0.014">
    <failure type="java.lang.AssertionError"><![CDATA[java.lang.AssertionError: expected:<1> but was:<0>
]]></failure>
    <system-out><![CDATA[
@Smoke
Scenario: SRA131_Calender_Check_Calender meeting is added # src/test/resources/features/calender/calender.feature:20
step 1
url
{implicitWait=60, path=C:UsersISMAHENDDownloadschromedriver_win32chromedriver.exe, pageLoadWait=120, url=https://reqres.inbrowser:chrome}
  Given I launch the Calender                             # com.mbr.qa.steps.MyStepdefs.iLaunchTheCalender()
step 2
  When I perform GET call with given endpoint             # com.mbr.qa.steps.MyStepdefs.iPerformGETCallWithGivenEndpoint()
step 3
Debugging Message111
  Then I get responce                                     # com.mbr.qa.steps.MyStepdefs.iGetResponce()
      java.lang.AssertionError: expected:<1> but was:<0>
	at org.junit.Assert.fail(Assert.java:89)
	at org.junit.Assert.failNotEquals(Assert.java:835)
	at org.junit.Assert.assertEquals(Assert.java:647)
	at org.junit.Assert.assertEquals(Assert.java:633)
	at com.mbr.qa.steps.MyStepdefs.iGetResponce(MyStepdefs.java:56)
	at âœ½.I get responce(file:///C:/Kuldeep/Framework/src/test/resources/features/calender/calender.feature:23)

]]></system-out>
  </testcase>
</testsuite>